2026-03-30 21:02:41,874 - __main__ - INFO - Environment setup completed
2026-03-30 21:02:41,880 - __main__ - WARNING - Missing packages: numpy, pandas, scikit-learn, rdkit, streamlit, plotly, matplotlib
2026-03-30 21:02:41,881 - __main__ - INFO - Install missing packages with: pip install -r requirements.txt
2026-03-30 21:02:41,881 - __main__ - ERROR - Please install missing dependencies before running the application
2026-03-30 21:11:06,731 - __main__ - INFO - Environment setup completed
2026-03-30 21:11:16,333 - __main__ - WARNING - Missing packages: scikit-learn
2026-03-30 21:11:16,333 - __main__ - INFO - Install missing packages with: pip install -r requirements.txt
2026-03-30 21:11:16,334 - __main__ - ERROR - Please install missing dependencies before running the application
2026-03-30 21:12:19,491 - __main__ - INFO - Environment setup completed
2026-03-30 21:12:24,960 - __main__ - INFO - All required dependencies are installed
2026-03-30 21:12:25,297 - __main__ - INFO - Starting Streamlit application...
2026-03-30 21:23:28,228 - __main__ - INFO - Environment setup completed
2026-03-30 21:23:48,155 - __main__ - WARNING - Missing packages: streamlit, plotly, matplotlib
2026-03-30 21:23:48,156 - __main__ - INFO - Install missing packages with: pip install -r requirements.txt
2026-03-30 21:23:48,156 - __main__ - ERROR - Please install missing dependencies before running the application
2026-03-30 21:26:54,341 - __main__ - INFO - Environment setup completed
2026-03-30 21:27:02,040 - __main__ - WARNING - Missing packages: streamlit, plotly, matplotlib
2026-03-30 21:27:02,041 - __main__ - INFO - Install missing packages with: pip install -r requirements.txt
2026-03-30 21:27:02,041 - __main__ - ERROR - Please install missing dependencies before running the application
2026-03-30 21:32:16,361 - __main__ - INFO - Environment setup completed
2026-03-30 21:32:25,197 - __main__ - INFO - All required dependencies are installed
2026-03-30 21:32:25,429 - __main__ - INFO - Starting Streamlit application...
